<?xml version="1.0" encoding="UTF-8"?>
<!-- Generated by org.testng.reporters.JUnitReportReporter -->
<testsuite hostname="Sangeethas-MacBook-Air.local" failures="0" tests="1" name="tests.LoginBasicTest" time="2.640" errors="0" timestamp="2025-10-16T00:06:18 CEST" skipped="0">
  <testcase classname="tests.LoginBasicTest" name="login" time="2.640"/>
</testsuite> <!-- tests.LoginBasicTest -->
