<?xml version="1.0" encoding="UTF-8"?>
<!-- Generated by org.testng.reporters.JUnitReportReporter -->
<testsuite hostname="Sangeethas-MacBook-Air.local" failures="0" tests="3" name="tests.AddToCart" time="3.510" errors="0" timestamp="2025-10-15T19:09:20 CEST" skipped="0">
  <testcase classname="tests.AddToCart" name="login" time="1.467"/>
  <testcase classname="tests.AddToCart" name="verifyTitle" time="0.006"/>
  <testcase classname="tests.AddToCart" name="addTocart" time="2.037"/>
</testsuite> <!-- tests.AddToCart -->
