<?xml version="1.0" encoding="UTF-8"?>
<!-- Generated by org.testng.reporters.JUnitReportReporter -->
<testsuite hostname="Sangeethas-MacBook-Air.local" failures="0" tests="3" name="tests.AddToCart" time="4.439" errors="0" timestamp="2025-10-16T10:43:57 CEST" skipped="0">
  <testcase classname="tests.AddToCart" name="login" time="0.384"/>
  <testcase classname="tests.AddToCart" name="verifyTitle" time="2.021"/>
  <testcase classname="tests.AddToCart" name="addTocart" time="2.034"/>
</testsuite> <!-- tests.AddToCart -->
